1441796701: 500
1441796759: 500
1441796819: 500
1441796834: 500
1441796849: 500
1441796924: 500
1441796924: 503
1441796924: 503
1441796925: 503
1441796925: 503
1441796925: 503
1441796939: 500
1441796950: 503
1441796951: 503
1441796951: 503
1441796989: 500
1441797029: 500
1441797074: 500
1441797074: 500
1441797074: 500
1441797075: 500
1441797076: 500
1441797076: 500
1441797180: 52
1441797180: 52
1441797180: 503
1441797210: 503
1441797241: 503
1441797271: 404
1441797301: 404
1441797331: 404
1441797361: 404
1441797391: 404
1441797421: 404
